[debug] [2024-06-07T05:02:01.006Z] ----------------------------------------------------------------------
[debug] [2024-06-07T05:02:01.020Z] Command:       C:\Program Files\nodejs\node.exe C:\Users\Admin\AppData\Roaming\npm\node_modules\firebase-tools\lib\bin\firebase.js deploy
[debug] [2024-06-07T05:02:01.023Z] CLI Version:   11.25.2
[debug] [2024-06-07T05:02:01.024Z] Platform:      win32
[debug] [2024-06-07T05:02:01.024Z] Node Version:  v20.11.1
[debug] [2024-06-07T05:02:01.028Z] Time:          Fri Jun 07 2024 08:02:01 GMT+0300 (Восточная Европа, летнее время)
[debug] [2024-06-07T05:02:01.031Z] ----------------------------------------------------------------------
[debug] 
[debug] [2024-06-07T05:02:01.070Z] >>> [apiv2][query] GET https://firebase-public.firebaseio.com/cli.json [none]
[debug] [2024-06-07T05:02:01.703Z] > command requires scopes: ["email","openid","https://www.googleapis.com/auth/cloudplatformprojects.readonly","https://www.googleapis.com/auth/firebase","https://www.googleapis.com/auth/cloud-platform"]
[debug] [2024-06-07T05:02:01.704Z] > authorizing via signed-in user (nadia.kurakina12@gmail.com)
[debug] [2024-06-07T05:02:01.705Z] [iam] checking project octopus-note-project for permissions ["firebase.projects.get","firebasehosting.sites.update"]
[debug] [2024-06-07T05:02:01.708Z] > refreshing access token with scopes: []
[debug] [2024-06-07T05:02:01.713Z] >>> [apiv2][query] POST https://www.googleapis.com/oauth2/v3/token [none]
[debug] [2024-06-07T05:02:01.714Z] >>> [apiv2][body] POST https://www.googleapis.com/oauth2/v3/token [omitted]
[debug] [2024-06-07T05:02:02.193Z] <<< [apiv2][status] POST https://www.googleapis.com/oauth2/v3/token 200
[debug] [2024-06-07T05:02:02.194Z] <<< [apiv2][body] POST https://www.googleapis.com/oauth2/v3/token [omitted]
[debug] [2024-06-07T05:02:02.282Z] >>> [apiv2][query] POST https://cloudresourcemanager.googleapis.com/v1/projects/octopus-note-project:testIamPermissions [none]
[debug] [2024-06-07T05:02:02.282Z] >>> [apiv2][(partial)header] POST https://cloudresourcemanager.googleapis.com/v1/projects/octopus-note-project:testIamPermissions x-goog-quota-user=projects/octopus-note-project
[debug] [2024-06-07T05:02:02.283Z] >>> [apiv2][body] POST https://cloudresourcemanager.googleapis.com/v1/projects/octopus-note-project:testIamPermissions {"permissions":["firebase.projects.get","firebasehosting.sites.update"]}
[debug] [2024-06-07T05:02:02.291Z] <<< [apiv2][status] GET https://firebase-public.firebaseio.com/cli.json 200
[debug] [2024-06-07T05:02:02.292Z] <<< [apiv2][body] GET https://firebase-public.firebaseio.com/cli.json {"cloudBuildErrorAfter":1594252800000,"cloudBuildWarnAfter":1590019200000,"defaultNode10After":1594252800000,"minVersion":"3.0.5","node8DeploysDisabledAfter":1613390400000,"node8RuntimeDisabledAfter":1615809600000,"node8WarnAfter":1600128000000}
[debug] [2024-06-07T05:02:03.325Z] <<< [apiv2][status] POST https://cloudresourcemanager.googleapis.com/v1/projects/octopus-note-project:testIamPermissions 200
[debug] [2024-06-07T05:02:03.327Z] <<< [apiv2][body] POST https://cloudresourcemanager.googleapis.com/v1/projects/octopus-note-project:testIamPermissions {"permissions":["firebase.projects.get","firebasehosting.sites.update"]}
[debug] [2024-06-07T05:02:03.330Z] >>> [apiv2][query] GET https://firebase.googleapis.com/v1beta1/projects/octopus-note-project [none]
